<?xml version="1.0" encoding="UTF-8"?>
<testsuite name="plugin.enemydown.command.EnemyDownCommandTest" tests="2" skipped="0" failures="0" errors="0" timestamp="2025-02-22T06:21:42" hostname="kumis-macbook-air2024.local" time="0.1">
  <properties/>
  <testcase name="getDifficultyに渡す引数のargsの最初の文字列がnormalの時にnormalの文字列が変えること()" classname="plugin.enemydown.command.EnemyDownCommandTest" time="0.091"/>
  <testcase name="getDifficultyに渡す引数のargsの最初の文字列がeasyの時にeasyの文字列が変えること()" classname="plugin.enemydown.command.EnemyDownCommandTest" time="0.008"/>
  <system-out><![CDATA[]]></system-out>
  <system-err><![CDATA[]]></system-err>
</testsuite>
